{
  "stats": {
    "suites": 1,
    "tests": 3,
    "passes": 3,
    "pending": 0,
    "failures": 0,
    "start": "2022-08-07T10:19:29.170Z",
    "end": "2022-08-07T10:19:32.133Z",
    "duration": 2963,
    "testsRegistered": 3,
    "passPercent": 100,
    "pendingPercent": 0,
    "other": 0,
    "hasOther": false,
    "skipped": 0,
    "hasSkipped": false
  },
  "results": [
    {
      "uuid": "b197bc64-15c7-420f-ba81-92a91b84005e",
      "title": "",
      "fullFile": "cypress/e2e/API-Testing/cypress-api.spec.js",
      "file": "cypress/e2e/API-Testing/cypress-api.spec.js",
      "beforeHooks": [],
      "afterHooks": [],
      "tests": [],
      "suites": [
        {
          "uuid": "01eb07c0-6e62-4ab2-ae9f-28804a4d1a69",
          "title": "API test Case",
          "fullFile": "",
          "file": "",
          "beforeHooks": [],
          "afterHooks": [],
          "tests": [
            {
              "title": "should get random fact about cats",
              "fullTitle": "API test Case should get random fact about cats",
              "timedOut": null,
              "duration": 1612,
              "state": "passed",
              "speed": "fast",
              "pass": true,
              "fail": false,
              "pending": false,
              "context": null,
              "code": "cy.request({\n  method: 'GET',\n  url: '/fact'\n}).then(response => {\n  expect(response).to.have.property('status', 200);\n});",
              "err": {},
              "uuid": "1f9c205f-9dbd-4a4c-a696-ff42be07ba64",
              "parentUUID": "01eb07c0-6e62-4ab2-ae9f-28804a4d1a69",
              "isHook": false,
              "skipped": false
            },
            {
              "title": "should get random facts about cats",
              "fullTitle": "API test Case should get random facts about cats",
              "timedOut": null,
              "duration": 498,
              "state": "passed",
              "speed": "fast",
              "pass": true,
              "fail": false,
              "pending": false,
              "context": null,
              "code": "cy.request({\n  method: 'GET',\n  url: '/facts'\n}).then(response => {\n  expect(response).to.have.property('status', 200);\n});",
              "err": {},
              "uuid": "6d0ccecd-c119-4154-a812-f2642d4886b2",
              "parentUUID": "01eb07c0-6e62-4ab2-ae9f-28804a4d1a69",
              "isHook": false,
              "skipped": false
            },
            {
              "title": "should get random facts about cats",
              "fullTitle": "API test Case should get random facts about cats",
              "timedOut": null,
              "duration": 392,
              "state": "passed",
              "speed": "fast",
              "pass": true,
              "fail": false,
              "pending": false,
              "context": null,
              "code": "cy.request({\n  method: 'GET',\n  url: '/breeds'\n}).then(response => {\n  expect(response).to.have.property('status', 200);\n});",
              "err": {},
              "uuid": "9fdbcd27-8e9e-489c-b93e-d72848791cfb",
              "parentUUID": "01eb07c0-6e62-4ab2-ae9f-28804a4d1a69",
              "isHook": false,
              "skipped": false
            }
          ],
          "suites": [],
          "passes": [
            "1f9c205f-9dbd-4a4c-a696-ff42be07ba64",
            "6d0ccecd-c119-4154-a812-f2642d4886b2",
            "9fdbcd27-8e9e-489c-b93e-d72848791cfb"
          ],
          "failures": [],
          "pending": [],
          "skipped": [],
          "duration": 2502,
          "root": false,
          "rootEmpty": false,
          "_timeout": 2000
        }
      ],
      "passes": [],
      "failures": [],
      "pending": [],
      "skipped": [],
      "duration": 0,
      "root": true,
      "rootEmpty": true,
      "_timeout": 2000
    }
  ],
  "meta": {
    "mocha": {
      "version": "7.0.1"
    },
    "mochawesome": {
      "options": {
        "quiet": false,
        "reportFilename": "mochawesome",
        "saveHtml": true,
        "saveJson": true,
        "consoleReporter": "spec",
        "useInlineDiffs": false,
        "code": true
      },
      "version": "7.1.3"
    },
    "marge": {
      "options": null,
      "version": "6.2.0"
    }
  }
}