{
  "stats": {
    "suites": 1,
    "tests": 3,
    "passes": 3,
    "pending": 0,
    "failures": 0,
    "start": "2022-08-05T13:55:15.622Z",
    "end": "2022-08-05T13:55:18.224Z",
    "duration": 2602,
    "testsRegistered": 3,
    "passPercent": 100,
    "pendingPercent": 0,
    "other": 0,
    "hasOther": false,
    "skipped": 0,
    "hasSkipped": false
  },
  "results": [
    {
      "uuid": "b1ecc643-4d60-4180-bf2c-a831e17ae4f1",
      "title": "",
      "fullFile": "cypress/e2e/API-Testing/cypress-api.spec.js",
      "file": "cypress/e2e/API-Testing/cypress-api.spec.js",
      "beforeHooks": [],
      "afterHooks": [],
      "tests": [],
      "suites": [
        {
          "uuid": "c9adca62-0cfe-4e02-a64f-2867b7469ebc",
          "title": "API test Case",
          "fullFile": "",
          "file": "",
          "beforeHooks": [],
          "afterHooks": [],
          "tests": [
            {
              "title": "should get random fact about cats",
              "fullTitle": "API test Case should get random fact about cats",
              "timedOut": null,
              "duration": 1655,
              "state": "passed",
              "speed": "fast",
              "pass": true,
              "fail": false,
              "pending": false,
              "context": null,
              "code": "cy.request({\n  method: 'GET',\n  url: '/fact'\n}).then(response => {\n  expect(response).to.have.property('status', 200);\n});",
              "err": {},
              "uuid": "50feb5a3-d3ed-473b-93a7-2aac4dc83847",
              "parentUUID": "c9adca62-0cfe-4e02-a64f-2867b7469ebc",
              "isHook": false,
              "skipped": false
            },
            {
              "title": "should get random facts about cats",
              "fullTitle": "API test Case should get random facts about cats",
              "timedOut": null,
              "duration": 420,
              "state": "passed",
              "speed": "fast",
              "pass": true,
              "fail": false,
              "pending": false,
              "context": null,
              "code": "cy.request({\n  method: 'GET',\n  url: '/facts'\n}).then(response => {\n  expect(response).to.have.property('status', 200);\n});",
              "err": {},
              "uuid": "ea515ce1-79a6-4e5b-aa63-cf8f89061402",
              "parentUUID": "c9adca62-0cfe-4e02-a64f-2867b7469ebc",
              "isHook": false,
              "skipped": false
            },
            {
              "title": "should get random facts about cats",
              "fullTitle": "API test Case should get random facts about cats",
              "timedOut": null,
              "duration": 310,
              "state": "passed",
              "speed": "fast",
              "pass": true,
              "fail": false,
              "pending": false,
              "context": null,
              "code": "cy.request({\n  method: 'GET',\n  url: '/breeds'\n}).then(response => {\n  expect(response).to.have.property('status', 200);\n});",
              "err": {},
              "uuid": "9fa92ccd-45a4-46ce-b8c8-12ffb25f5c2c",
              "parentUUID": "c9adca62-0cfe-4e02-a64f-2867b7469ebc",
              "isHook": false,
              "skipped": false
            }
          ],
          "suites": [],
          "passes": [
            "50feb5a3-d3ed-473b-93a7-2aac4dc83847",
            "ea515ce1-79a6-4e5b-aa63-cf8f89061402",
            "9fa92ccd-45a4-46ce-b8c8-12ffb25f5c2c"
          ],
          "failures": [],
          "pending": [],
          "skipped": [],
          "duration": 2385,
          "root": false,
          "rootEmpty": false,
          "_timeout": 2000
        }
      ],
      "passes": [],
      "failures": [],
      "pending": [],
      "skipped": [],
      "duration": 0,
      "root": true,
      "rootEmpty": true,
      "_timeout": 2000
    }
  ],
  "meta": {
    "mocha": {
      "version": "7.0.1"
    },
    "mochawesome": {
      "options": {
        "quiet": false,
        "reportFilename": "mochawesome",
        "saveHtml": true,
        "saveJson": true,
        "consoleReporter": "spec",
        "useInlineDiffs": false,
        "code": true
      },
      "version": "7.1.3"
    },
    "marge": {
      "options": null,
      "version": "6.2.0"
    }
  }
}